<?xml version="1.0" encoding="UTF-8"?>
<!-- Generated by org.testng.reporters.JUnitXMLReporter -->
<testsuite hostname="LAPTOP-LE4FMNOG" ignored="0" name="Banking Test" tests="5" failures="2" timestamp="2022-10-14T23:48:41 IST" time="54.918" errors="0">
  <testcase name="logIn" time="2.907" classname="com.inetBanking.testCases.TC_LoginTest_001"/>
  <testcase name="AddNewCustomer" time="15.598" classname="com.inetBanking.testCases.TC_NewCustomer_003"/>
  <testcase name="loginDDT" time="2.681" classname="com.inetBanking.testCases.TC_LoginDDT_002">
    <failure type="java.lang.AssertionError" message="expected [true] but found [false]">
      <![CDATA[java.lang.AssertionError: expected [true] but found [false]
at com.inetBanking.testCases.TC_LoginDDT_002.loginDDT(TC_LoginDDT_002.java:33)
at java.util.ArrayList.forEach(ArrayList.java:1259)
... Removed 31 stack frames]]>
    </failure>
  </testcase> <!-- loginDDT -->
  <testcase name="loginDDT" time="2.391" classname="com.inetBanking.testCases.TC_LoginDDT_002">
    <failure type="java.lang.AssertionError" message="expected [true] but found [false]">
      <![CDATA[java.lang.AssertionError: expected [true] but found [false]
at com.inetBanking.testCases.TC_LoginDDT_002.loginDDT(TC_LoginDDT_002.java:33)
at java.util.ArrayList.forEach(ArrayList.java:1259)
... Removed 31 stack frames]]>
    </failure>
  </testcase> <!-- loginDDT -->
  <testcase name="loginDDT" time="4.851" classname="com.inetBanking.testCases.TC_LoginDDT_002"/>
</testsuite> <!-- Banking Test -->
